c:\workspace\vsworkspace\sv_application\adaptivesupervoxel\x64\release\adaptivesupervoxel.ipdb
c:\workspace\vsworkspace\sv_application\adaptivesupervoxel\x64\release\adaptivesupervoxel.iobj
c:\workspace\vsworkspace\sv_application\adaptivesupervoxel\adaptivesupervoxel\x64\release\vc141.pdb
c:\workspace\vsworkspace\sv_application\adaptivesupervoxel\adaptivesupervoxel\x64\release\render.obj
c:\workspace\vsworkspace\sv_application\adaptivesupervoxel\adaptivesupervoxel\x64\release\optimizer.obj
c:\workspace\vsworkspace\sv_application\adaptivesupervoxel\adaptivesupervoxel\x64\release\main.obj
c:\workspace\vsworkspace\sv_application\adaptivesupervoxel\adaptivesupervoxel\x64\release\mxqmetric3.obj
c:\workspace\vsworkspace\sv_application\adaptivesupervoxel\adaptivesupervoxel\x64\release\mxqmetric.obj
c:\workspace\vsworkspace\sv_application\adaptivesupervoxel\adaptivesupervoxel\x64\release\mxmatrix.obj
c:\workspace\vsworkspace\sv_application\adaptivesupervoxel\adaptivesupervoxel\x64\release\mxmat4-jacobi.obj
c:\workspace\vsworkspace\sv_application\adaptivesupervoxel\adaptivesupervoxel\x64\release\mxmat3-jacobi.obj
c:\workspace\vsworkspace\sv_application\adaptivesupervoxel\adaptivesupervoxel\x64\release\mxheap.obj
c:\workspace\vsworkspace\sv_application\adaptivesupervoxel\adaptivesupervoxel\x64\release\mixmsg.obj
c:\workspace\vsworkspace\sv_application\adaptivesupervoxel\adaptivesupervoxel\x64\release\mixmops.obj
c:\workspace\vsworkspace\sv_application\adaptivesupervoxel\adaptivesupervoxel\x64\release\mat4.obj
c:\workspace\vsworkspace\sv_application\adaptivesupervoxel\adaptivesupervoxel\x64\release\mat3.obj
c:\workspace\vsworkspace\sv_application\adaptivesupervoxel\adaptivesupervoxel\x64\release\mat2.obj
c:\workspace\vsworkspace\sv_application\adaptivesupervoxel\adaptivesupervoxel\x64\release\image.obj
c:\workspace\vsworkspace\sv_application\adaptivesupervoxel\adaptivesupervoxel\x64\release\global_variables.obj
c:\workspace\vsworkspace\sv_application\adaptivesupervoxel\adaptivesupervoxel\x64\release\covariance.obj
c:\workspace\vsworkspace\sv_application\adaptivesupervoxel\adaptivesupervoxel\x64\release\glad.obj
c:\workspace\vsworkspace\sv_application\adaptivesupervoxel\x64\release\adaptivesupervoxel.exe
c:\workspace\vsworkspace\sv_application\adaptivesupervoxel\x64\release\adaptivesupervoxel.pdb
c:\workspace\vsworkspace\sv_application\adaptivesupervoxel\adaptivesupervoxel\x64\release\adaptive.48a43b13.tlog\adaptivesupervoxel.write.1u.tlog
c:\workspace\vsworkspace\sv_application\adaptivesupervoxel\adaptivesupervoxel\x64\release\adaptive.48a43b13.tlog\cl.command.1.tlog
c:\workspace\vsworkspace\sv_application\adaptivesupervoxel\adaptivesupervoxel\x64\release\adaptive.48a43b13.tlog\cl.read.1.tlog
c:\workspace\vsworkspace\sv_application\adaptivesupervoxel\adaptivesupervoxel\x64\release\adaptive.48a43b13.tlog\cl.write.1.tlog
c:\workspace\vsworkspace\sv_application\adaptivesupervoxel\adaptivesupervoxel\x64\release\adaptive.48a43b13.tlog\link.command.1.tlog
c:\workspace\vsworkspace\sv_application\adaptivesupervoxel\adaptivesupervoxel\x64\release\adaptive.48a43b13.tlog\link.read.1.tlog
c:\workspace\vsworkspace\sv_application\adaptivesupervoxel\adaptivesupervoxel\x64\release\adaptive.48a43b13.tlog\link.write.1.tlog
